# Logfile created on 2015-02-08 19:35:03 -0600 by logger.rb/44203
D, [2015-02-08T19:35:03.833745 #3397] DEBUG -- Pubnub: Symbolizing options keys
D, [2015-02-08T19:35:03.833844 #3397] DEBUG -- Pubnub: Setting default values
D, [2015-02-08T19:35:03.833896 #3397] DEBUG -- Pubnub: 

Created new Pubnub::Client instance
D, [2015-02-08T19:35:17.682294 #3403] DEBUG -- Pubnub: Symbolizing options keys
D, [2015-02-08T19:35:17.682431 #3403] DEBUG -- Pubnub: Setting default values
D, [2015-02-08T19:35:17.682485 #3403] DEBUG -- Pubnub: 

Created new Pubnub::Client instance
D, [2015-02-08T19:35:17.682602 #3403] DEBUG -- Pubnub: Event#initialize | Initialized Pubnub::Time
D, [2015-02-08T19:35:17.682630 #3403] DEBUG -- Pubnub: Created event Pubnub::Time
D, [2015-02-08T19:35:17.682651 #3403] DEBUG -- Pubnub: Pubnub::SingleEvent#fire
D, [2015-02-08T19:35:17.682671 #3403] DEBUG -- Pubnub: Pubnub::SingleEvent#fire | Adding event to async_events
D, [2015-02-08T19:35:17.682690 #3403] DEBUG -- Pubnub: Pubnub::SingleEvent#fire | Starting railgun
D, [2015-02-08T19:35:17.682719 #3403] DEBUG -- Pubnub: Pubnub::Client#start_event_machine | starting EM in new thread
D, [2015-02-08T19:35:17.682740 #3403] DEBUG -- Pubnub: Pubnub::Client#start_event_machine | We aren't running on thin
D, [2015-02-08T19:35:17.683012 #3403] DEBUG -- Pubnub: Pubnub::Client#start_event_machine | EM started in new thread
D, [2015-02-08T19:35:17.683066 #3403] DEBUG -- Pubnub: Pubnub::Client#start_railgun | Initializing railgun
D, [2015-02-08T19:35:49.024137 #3411] DEBUG -- Pubnub: Symbolizing options keys
D, [2015-02-08T19:35:49.024275 #3411] DEBUG -- Pubnub: Setting default values
D, [2015-02-08T19:35:49.024327 #3411] DEBUG -- Pubnub: 

Created new Pubnub::Client instance
D, [2015-02-08T19:35:49.024446 #3411] DEBUG -- Pubnub: Event#initialize | Initialized Pubnub::Time
D, [2015-02-08T19:35:49.024475 #3411] DEBUG -- Pubnub: Created event Pubnub::Time
D, [2015-02-08T19:35:49.024497 #3411] DEBUG -- Pubnub: Pubnub::SingleEvent#fire
D, [2015-02-08T19:35:49.024519 #3411] DEBUG -- Pubnub: Pubnub::SingleEvent#fire | Adding event to async_events
D, [2015-02-08T19:35:49.024539 #3411] DEBUG -- Pubnub: Pubnub::SingleEvent#fire | Starting railgun
D, [2015-02-08T19:35:49.024560 #3411] DEBUG -- Pubnub: Pubnub::Client#start_event_machine | starting EM in new thread
D, [2015-02-08T19:35:49.024588 #3411] DEBUG -- Pubnub: Pubnub::Client#start_event_machine | We aren't running on thin
D, [2015-02-08T19:35:49.024918 #3411] DEBUG -- Pubnub: Pubnub::Client#start_event_machine | EM started in new thread
D, [2015-02-08T19:35:49.024994 #3411] DEBUG -- Pubnub: Pubnub::Client#start_railgun | Initializing railgun
D, [2015-02-08T19:35:56.239344 #3417] DEBUG -- Pubnub: Symbolizing options keys
D, [2015-02-08T19:35:56.239480 #3417] DEBUG -- Pubnub: Setting default values
D, [2015-02-08T19:35:56.239535 #3417] DEBUG -- Pubnub: 

Created new Pubnub::Client instance
D, [2015-02-08T19:35:56.239700 #3417] DEBUG -- Pubnub: Event#initialize | Initialized Pubnub::Time
D, [2015-02-08T19:35:56.239734 #3417] DEBUG -- Pubnub: Created event Pubnub::Time
D, [2015-02-08T19:35:56.239764 #3417] DEBUG -- Pubnub: Pubnub::SingleEvent#fire
D, [2015-02-08T19:35:56.239785 #3417] DEBUG -- Pubnub: Pubnub::SingleEvent#fire | Adding event to async_events
D, [2015-02-08T19:35:56.239806 #3417] DEBUG -- Pubnub: Pubnub::SingleEvent#fire | Starting railgun
D, [2015-02-08T19:35:56.239826 #3417] DEBUG -- Pubnub: Pubnub::Client#start_event_machine | starting EM in new thread
D, [2015-02-08T19:35:56.239847 #3417] DEBUG -- Pubnub: Pubnub::Client#start_event_machine | We aren't running on thin
D, [2015-02-08T19:35:56.240363 #3417] DEBUG -- Pubnub: Pubnub::Client#start_event_machine | EM started in new thread
D, [2015-02-08T19:35:56.240417 #3417] DEBUG -- Pubnub: Pubnub::Client#start_railgun | Initializing railgun
D, [2015-02-08T19:36:38.915355 #3426] DEBUG -- Pubnub: Symbolizing options keys
D, [2015-02-08T19:36:38.915493 #3426] DEBUG -- Pubnub: Setting default values
D, [2015-02-08T19:36:38.915544 #3426] DEBUG -- Pubnub: 

Created new Pubnub::Client instance
D, [2015-02-08T19:36:38.915687 #3426] DEBUG -- Pubnub: Event#initialize | Initialized Pubnub::Time
D, [2015-02-08T19:36:38.915725 #3426] DEBUG -- Pubnub: Created event Pubnub::Time
D, [2015-02-08T19:36:38.915748 #3426] DEBUG -- Pubnub: Pubnub::SingleEvent#fire
D, [2015-02-08T19:36:38.915768 #3426] DEBUG -- Pubnub: Pubnub::SingleEvent#fire | Adding event to async_events
D, [2015-02-08T19:36:38.915787 #3426] DEBUG -- Pubnub: Pubnub::SingleEvent#fire | Starting railgun
D, [2015-02-08T19:36:38.915816 #3426] DEBUG -- Pubnub: Pubnub::Client#start_event_machine | starting EM in new thread
D, [2015-02-08T19:36:38.915836 #3426] DEBUG -- Pubnub: Pubnub::Client#start_event_machine | We aren't running on thin
D, [2015-02-08T19:36:38.916146 #3426] DEBUG -- Pubnub: Pubnub::Client#start_event_machine | EM started in new thread
D, [2015-02-08T19:36:38.916223 #3426] DEBUG -- Pubnub: Pubnub::Client#start_railgun | Initializing railgun
E, [2015-02-08T19:36:38.916391 #3426] ERROR -- Pubnub: ERROR TYPE: Pubnub::ArgumentError
ERROR MESSAGE: Callback parameter is required while using async
ERROR BACKTRACE: 
D, [2015-02-08T19:39:58.483400 #3450] DEBUG -- Pubnub: Symbolizing options keys
D, [2015-02-08T19:39:58.483550 #3450] DEBUG -- Pubnub: Setting default values
D, [2015-02-08T19:39:58.483605 #3450] DEBUG -- Pubnub: 

Created new Pubnub::Client instance
D, [2015-02-08T19:39:58.483752 #3450] DEBUG -- Pubnub: Event#initialize | Initialized Pubnub::Time
D, [2015-02-08T19:39:58.483785 #3450] DEBUG -- Pubnub: Created event Pubnub::Time
D, [2015-02-08T19:39:58.483815 #3450] DEBUG -- Pubnub: Pubnub::SingleEvent#fire
D, [2015-02-08T19:39:58.483836 #3450] DEBUG -- Pubnub: Pubnub::SingleEvent#fire | Adding event to async_events
D, [2015-02-08T19:39:58.483855 #3450] DEBUG -- Pubnub: Pubnub::SingleEvent#fire | Starting railgun
D, [2015-02-08T19:39:58.483875 #3450] DEBUG -- Pubnub: Pubnub::Client#start_event_machine | starting EM in new thread
D, [2015-02-08T19:39:58.483895 #3450] DEBUG -- Pubnub: Pubnub::Client#start_event_machine | We aren't running on thin
D, [2015-02-08T19:39:58.484488 #3450] DEBUG -- Pubnub: Pubnub::Client#start_event_machine | EM started in new thread
D, [2015-02-08T19:39:58.484562 #3450] DEBUG -- Pubnub: Pubnub::Client#start_railgun | Initializing railgun
D, [2015-02-08T19:40:07.352124 #3456] DEBUG -- Pubnub: Symbolizing options keys
D, [2015-02-08T19:40:07.352271 #3456] DEBUG -- Pubnub: Setting default values
D, [2015-02-08T19:40:07.352327 #3456] DEBUG -- Pubnub: 

Created new Pubnub::Client instance
D, [2015-02-08T19:40:07.352501 #3456] DEBUG -- Pubnub: Event#initialize | Initialized Pubnub::Time
D, [2015-02-08T19:40:07.352533 #3456] DEBUG -- Pubnub: Created event Pubnub::Time
D, [2015-02-08T19:40:07.352555 #3456] DEBUG -- Pubnub: Pubnub::SingleEvent#fire
D, [2015-02-08T19:40:07.352576 #3456] DEBUG -- Pubnub: Pubnub::SingleEvent#fire | Adding event to async_events
D, [2015-02-08T19:40:07.352599 #3456] DEBUG -- Pubnub: Pubnub::SingleEvent#fire | Starting railgun
D, [2015-02-08T19:40:07.352620 #3456] DEBUG -- Pubnub: Pubnub::Client#start_event_machine | starting EM in new thread
D, [2015-02-08T19:40:07.352650 #3456] DEBUG -- Pubnub: Pubnub::Client#start_event_machine | We aren't running on thin
D, [2015-02-08T19:40:07.352945 #3456] DEBUG -- Pubnub: Pubnub::Client#start_event_machine | EM started in new thread
D, [2015-02-08T19:40:07.353266 #3456] DEBUG -- Pubnub: Pubnub::Client#start_railgun | Initializing railgun
D, [2015-02-08T19:43:18.250084 #3494] DEBUG -- Pubnub: Symbolizing options keys
D, [2015-02-08T19:43:18.250325 #3494] DEBUG -- Pubnub: Setting default values
D, [2015-02-08T19:43:18.250439 #3494] DEBUG -- Pubnub: 

Created new Pubnub::Client instance
D, [2015-02-08T19:43:33.541007 #3494] DEBUG -- Pubnub: Event#initialize | Initialized Pubnub::Subscribe
D, [2015-02-08T19:43:33.541147 #3494] DEBUG -- Pubnub: Created event Pubnub::Subscribe
D, [2015-02-08T19:43:33.541217 #3494] DEBUG -- Pubnub: Pubnub::Client#update_timetoken | Current timetoken is eq 0
D, [2015-02-08T19:43:33.541261 #3494] DEBUG -- Pubnub: SubscribeEvent#fire
D, [2015-02-08T19:43:33.541320 #3494] DEBUG -- Pubnub: SubscribeEvent#fire async
D, [2015-02-08T19:43:33.541367 #3494] DEBUG -- Pubnub: Channel: ["a"]
D, [2015-02-08T19:43:33.541530 #3494] DEBUG -- Pubnub: Pubnub::Client#start_event_machine | starting EM in new thread
D, [2015-02-08T19:43:33.541577 #3494] DEBUG -- Pubnub: Pubnub::Client#start_event_machine | We aren't running on thin
D, [2015-02-08T19:43:33.542271 #3494] DEBUG -- Pubnub: Pubnub::Client#start_event_machine | EM started in new thread
D, [2015-02-08T19:43:33.792632 #3494] DEBUG -- Pubnub: Async subscription running
D, [2015-02-08T19:43:33.792753 #3494] DEBUG -- Pubnub: origin: pubsub.pubnub.com
D, [2015-02-08T19:43:33.792799 #3494] DEBUG -- Pubnub: timetoken: 0
D, [2015-02-08T19:43:33.801865 #3494] DEBUG -- Pubnub: Event#start_event | sending request
D, [2015-02-08T19:43:33.801963 #3494] DEBUG -- Pubnub: Event#start_event | tt: 0; ctt 0
D, [2015-02-08T19:43:33.802150 #3494] DEBUG -- Pubnub: Pubnub::Subscribe#uri http://pubsub.pubnub.com/subscribe/demo/a/0/0?pnsdk=PubNub-Ruby/3.7.0&uuid=i_am_a_real_time_boss_1
D, [2015-02-08T19:43:33.943629 #3494] DEBUG -- Pubnub: Event#handle_response
D, [2015-02-08T19:43:33.943753 #3494] DEBUG -- Pubnub: Subscribe#format_envelopes
D, [2015-02-08T19:43:33.943824 #3494] DEBUG -- Pubnub: Subscribe#format_envelopes | Response parsed
D, [2015-02-08T19:43:33.943871 #3494] DEBUG -- Pubnub: Subscribe#format_envelopes | Timetoken
D, [2015-02-08T19:43:33.943967 #3494] DEBUG -- Pubnub: Subscribe#format_envelopes | envelopes created
D, [2015-02-08T19:43:33.944011 #3494] DEBUG -- Pubnub: Event#add_common_data_to_envelopes
D, [2015-02-08T19:43:33.944060 #3494] DEBUG -- Pubnub: Response: [[],"14234462126971579"]
D, [2015-02-08T19:43:33.944109 #3494] DEBUG -- Pubnub: Event#update_app_timetoken
D, [2015-02-08T19:43:33.944162 #3494] DEBUG -- Pubnub: Pubnub::Client#update_timetoken | Current timetoken is eq 14234462126971579
D, [2015-02-08T19:43:33.944202 #3494] DEBUG -- Pubnub: Updated timetoken to 14234462126971579
D, [2015-02-08T19:43:33.944244 #3494] DEBUG -- Pubnub: Event#fire_callbacks async
D, [2015-02-08T19:43:33.944285 #3494] DEBUG -- Pubnub: We can send next request now
D, [2015-02-08T19:43:34.051968 #3494] DEBUG -- Pubnub: Async subscription running
D, [2015-02-08T19:43:34.052059 #3494] DEBUG -- Pubnub: origin: pubsub.pubnub.com
D, [2015-02-08T19:43:34.052105 #3494] DEBUG -- Pubnub: timetoken: 14234462126971579
D, [2015-02-08T19:43:34.052229 #3494] DEBUG -- Pubnub: Event#start_event | sending request
D, [2015-02-08T19:43:34.052316 #3494] DEBUG -- Pubnub: Event#start_event | tt: 14234462126971579; ctt 14234462126971579
D, [2015-02-08T19:43:34.052425 #3494] DEBUG -- Pubnub: Pubnub::Subscribe#uri http://pubsub.pubnub.com/subscribe/demo/a/0/14234462126971579?pnsdk=PubNub-Ruby/3.7.0&uuid=i_am_a_real_time_boss_1
D, [2015-02-08T19:43:34.846665 #3494] DEBUG -- Pubnub: Event#handle_response
D, [2015-02-08T19:43:34.846762 #3494] DEBUG -- Pubnub: Subscribe#format_envelopes
D, [2015-02-08T19:43:34.846829 #3494] DEBUG -- Pubnub: Subscribe#format_envelopes | Response parsed
D, [2015-02-08T19:43:34.846872 #3494] DEBUG -- Pubnub: Subscribe#format_envelopes | Not timetoken update
D, [2015-02-08T19:43:34.846915 #3494] DEBUG -- Pubnub: Subscribe#format_envelopes | Channel a created
D, [2015-02-08T19:43:34.846965 #3494] DEBUG -- Pubnub: [["*****.......... 9709 - 2015-02-08 17:43:34"], "14234462147390873"]
D, [2015-02-08T19:43:34.847060 #3494] DEBUG -- Pubnub: Subscribe#format_envelopes | Envelopes created
D, [2015-02-08T19:43:34.847105 #3494] DEBUG -- Pubnub: Subscribe#format_envelopes | envelopes created
D, [2015-02-08T19:43:34.847143 #3494] DEBUG -- Pubnub: Event#add_common_data_to_envelopes
D, [2015-02-08T19:43:34.847186 #3494] DEBUG -- Pubnub: Response: [["*****.......... 9709 - 2015-02-08 17:43:34"],"14234462147390873"]
D, [2015-02-08T19:43:34.847224 #3494] DEBUG -- Pubnub: Event#update_app_timetoken
D, [2015-02-08T19:43:34.847272 #3494] DEBUG -- Pubnub: Pubnub::Client#update_timetoken | Current timetoken is eq 14234462147390873
D, [2015-02-08T19:43:34.847326 #3494] DEBUG -- Pubnub: Updated timetoken to 14234462147390873
D, [2015-02-08T19:43:34.847371 #3494] DEBUG -- Pubnub: Event#fire_callbacks async
D, [2015-02-08T19:43:34.847455 #3494] DEBUG -- Pubnub: We can send next request now
D, [2015-02-08T19:43:35.053390 #3494] DEBUG -- Pubnub: Async subscription running
D, [2015-02-08T19:43:35.053506 #3494] DEBUG -- Pubnub: origin: pubsub.pubnub.com
D, [2015-02-08T19:43:35.053551 #3494] DEBUG -- Pubnub: timetoken: 14234462147390873
D, [2015-02-08T19:43:35.053680 #3494] DEBUG -- Pubnub: Event#start_event | sending request
D, [2015-02-08T19:43:35.053768 #3494] DEBUG -- Pubnub: Event#start_event | tt: 14234462147390873; ctt 14234462147390873
D, [2015-02-08T19:43:35.053880 #3494] DEBUG -- Pubnub: Pubnub::Subscribe#uri http://pubsub.pubnub.com/subscribe/demo/a/0/14234462147390873?pnsdk=PubNub-Ruby/3.7.0&uuid=i_am_a_real_time_boss_1
D, [2015-02-08T19:43:36.910348 #3494] DEBUG -- Pubnub: Event#handle_response
D, [2015-02-08T19:43:36.910447 #3494] DEBUG -- Pubnub: Subscribe#format_envelopes
D, [2015-02-08T19:43:36.910512 #3494] DEBUG -- Pubnub: Subscribe#format_envelopes | Response parsed
D, [2015-02-08T19:43:36.910554 #3494] DEBUG -- Pubnub: Subscribe#format_envelopes | Not timetoken update
D, [2015-02-08T19:43:36.910596 #3494] DEBUG -- Pubnub: Subscribe#format_envelopes | Channel a created
D, [2015-02-08T19:43:36.910646 #3494] DEBUG -- Pubnub: [["******......... 9710 - 2015-02-08 17:43:36"], "14234462167769339"]
D, [2015-02-08T19:43:36.910737 #3494] DEBUG -- Pubnub: Subscribe#format_envelopes | Envelopes created
D, [2015-02-08T19:43:36.910785 #3494] DEBUG -- Pubnub: Subscribe#format_envelopes | envelopes created
D, [2015-02-08T19:43:36.910824 #3494] DEBUG -- Pubnub: Event#add_common_data_to_envelopes
D, [2015-02-08T19:43:36.910868 #3494] DEBUG -- Pubnub: Response: [["******......... 9710 - 2015-02-08 17:43:36"],"14234462167769339"]
D, [2015-02-08T19:43:36.910906 #3494] DEBUG -- Pubnub: Event#update_app_timetoken
D, [2015-02-08T19:43:36.910953 #3494] DEBUG -- Pubnub: Pubnub::Client#update_timetoken | Current timetoken is eq 14234462167769339
D, [2015-02-08T19:43:36.910992 #3494] DEBUG -- Pubnub: Updated timetoken to 14234462167769339
D, [2015-02-08T19:43:36.911035 #3494] DEBUG -- Pubnub: Event#fire_callbacks async
D, [2015-02-08T19:43:36.911094 #3494] DEBUG -- Pubnub: We can send next request now
D, [2015-02-08T19:43:37.056017 #3494] DEBUG -- Pubnub: Async subscription running
D, [2015-02-08T19:43:37.056133 #3494] DEBUG -- Pubnub: origin: pubsub.pubnub.com
D, [2015-02-08T19:43:37.056180 #3494] DEBUG -- Pubnub: timetoken: 14234462167769339
D, [2015-02-08T19:43:37.056309 #3494] DEBUG -- Pubnub: Event#start_event | sending request
D, [2015-02-08T19:43:37.056397 #3494] DEBUG -- Pubnub: Event#start_event | tt: 14234462167769339; ctt 14234462167769339
D, [2015-02-08T19:43:37.056511 #3494] DEBUG -- Pubnub: Pubnub::Subscribe#uri http://pubsub.pubnub.com/subscribe/demo/a/0/14234462167769339?pnsdk=PubNub-Ruby/3.7.0&uuid=i_am_a_real_time_boss_1
D, [2015-02-08T19:43:38.923830 #3494] DEBUG -- Pubnub: Event#handle_response
D, [2015-02-08T19:43:38.923933 #3494] DEBUG -- Pubnub: Subscribe#format_envelopes
D, [2015-02-08T19:43:38.923997 #3494] DEBUG -- Pubnub: Subscribe#format_envelopes | Response parsed
D, [2015-02-08T19:43:38.924039 #3494] DEBUG -- Pubnub: Subscribe#format_envelopes | Not timetoken update
D, [2015-02-08T19:43:38.924081 #3494] DEBUG -- Pubnub: Subscribe#format_envelopes | Channel a created
D, [2015-02-08T19:43:38.924131 #3494] DEBUG -- Pubnub: [["*******........ 9711 - 2015-02-08 17:43:38"], "14234462188171879"]
D, [2015-02-08T19:43:38.924222 #3494] DEBUG -- Pubnub: Subscribe#format_envelopes | Envelopes created
D, [2015-02-08T19:43:38.924268 #3494] DEBUG -- Pubnub: Subscribe#format_envelopes | envelopes created
D, [2015-02-08T19:43:38.924306 #3494] DEBUG -- Pubnub: Event#add_common_data_to_envelopes
D, [2015-02-08T19:43:38.924349 #3494] DEBUG -- Pubnub: Response: [["*******........ 9711 - 2015-02-08 17:43:38"],"14234462188171879"]
D, [2015-02-08T19:43:38.924388 #3494] DEBUG -- Pubnub: Event#update_app_timetoken
D, [2015-02-08T19:43:38.924450 #3494] DEBUG -- Pubnub: Pubnub::Client#update_timetoken | Current timetoken is eq 14234462188171879
D, [2015-02-08T19:43:38.924491 #3494] DEBUG -- Pubnub: Updated timetoken to 14234462188171879
D, [2015-02-08T19:43:38.924534 #3494] DEBUG -- Pubnub: Event#fire_callbacks async
D, [2015-02-08T19:43:38.924591 #3494] DEBUG -- Pubnub: We can send next request now
D, [2015-02-08T19:43:39.058665 #3494] DEBUG -- Pubnub: Async subscription running
D, [2015-02-08T19:43:39.058825 #3494] DEBUG -- Pubnub: origin: pubsub.pubnub.com
D, [2015-02-08T19:43:39.058895 #3494] DEBUG -- Pubnub: timetoken: 14234462188171879
D, [2015-02-08T19:43:39.059032 #3494] DEBUG -- Pubnub: Event#start_event | sending request
D, [2015-02-08T19:43:39.059135 #3494] DEBUG -- Pubnub: Event#start_event | tt: 14234462188171879; ctt 14234462188171879
D, [2015-02-08T19:43:39.059258 #3494] DEBUG -- Pubnub: Pubnub::Subscribe#uri http://pubsub.pubnub.com/subscribe/demo/a/0/14234462188171879?pnsdk=PubNub-Ruby/3.7.0&uuid=i_am_a_real_time_boss_1
D, [2015-02-08T19:43:40.994600 #3494] DEBUG -- Pubnub: Event#handle_response
D, [2015-02-08T19:43:40.994704 #3494] DEBUG -- Pubnub: Subscribe#format_envelopes
D, [2015-02-08T19:43:40.994769 #3494] DEBUG -- Pubnub: Subscribe#format_envelopes | Response parsed
D, [2015-02-08T19:43:40.994813 #3494] DEBUG -- Pubnub: Subscribe#format_envelopes | Not timetoken update
D, [2015-02-08T19:43:40.994855 #3494] DEBUG -- Pubnub: Subscribe#format_envelopes | Channel a created
D, [2015-02-08T19:43:40.994904 #3494] DEBUG -- Pubnub: [["********....... 9712 - 2015-02-08 17:43:40"], "14234462208597318"]
D, [2015-02-08T19:43:40.994997 #3494] DEBUG -- Pubnub: Subscribe#format_envelopes | Envelopes created
D, [2015-02-08T19:43:40.995040 #3494] DEBUG -- Pubnub: Subscribe#format_envelopes | envelopes created
D, [2015-02-08T19:43:40.995077 #3494] DEBUG -- Pubnub: Event#add_common_data_to_envelopes
D, [2015-02-08T19:43:40.995121 #3494] DEBUG -- Pubnub: Response: [["********....... 9712 - 2015-02-08 17:43:40"],"14234462208597318"]
D, [2015-02-08T19:43:40.995159 #3494] DEBUG -- Pubnub: Event#update_app_timetoken
D, [2015-02-08T19:43:40.995207 #3494] DEBUG -- Pubnub: Pubnub::Client#update_timetoken | Current timetoken is eq 14234462208597318
D, [2015-02-08T19:43:40.995245 #3494] DEBUG -- Pubnub: Updated timetoken to 14234462208597318
D, [2015-02-08T19:43:40.995290 #3494] DEBUG -- Pubnub: Event#fire_callbacks async
D, [2015-02-08T19:43:40.995349 #3494] DEBUG -- Pubnub: We can send next request now
D, [2015-02-08T19:43:41.061381 #3494] DEBUG -- Pubnub: Async subscription running
D, [2015-02-08T19:43:41.061506 #3494] DEBUG -- Pubnub: origin: pubsub.pubnub.com
D, [2015-02-08T19:43:41.061552 #3494] DEBUG -- Pubnub: timetoken: 14234462208597318
D, [2015-02-08T19:43:41.061690 #3494] DEBUG -- Pubnub: Event#start_event | sending request
D, [2015-02-08T19:43:41.061752 #3494] DEBUG -- Pubnub: Event#start_event | tt: 14234462208597318; ctt 14234462208597318
D, [2015-02-08T19:43:41.061866 #3494] DEBUG -- Pubnub: Pubnub::Subscribe#uri http://pubsub.pubnub.com/subscribe/demo/a/0/14234462208597318?pnsdk=PubNub-Ruby/3.7.0&uuid=i_am_a_real_time_boss_1
D, [2015-02-08T19:43:43.005789 #3494] DEBUG -- Pubnub: Event#handle_response
D, [2015-02-08T19:43:43.005885 #3494] DEBUG -- Pubnub: Subscribe#format_envelopes
D, [2015-02-08T19:43:43.005950 #3494] DEBUG -- Pubnub: Subscribe#format_envelopes | Response parsed
D, [2015-02-08T19:43:43.005992 #3494] DEBUG -- Pubnub: Subscribe#format_envelopes | Not timetoken update
D, [2015-02-08T19:43:43.006033 #3494] DEBUG -- Pubnub: Subscribe#format_envelopes | Channel a created
D, [2015-02-08T19:43:43.006082 #3494] DEBUG -- Pubnub: [["*********...... 9713 - 2015-02-08 17:43:42"], "14234462228992132"]
D, [2015-02-08T19:43:43.006172 #3494] DEBUG -- Pubnub: Subscribe#format_envelopes | Envelopes created
D, [2015-02-08T19:43:43.006217 #3494] DEBUG -- Pubnub: Subscribe#format_envelopes | envelopes created
D, [2015-02-08T19:43:43.006255 #3494] DEBUG -- Pubnub: Event#add_common_data_to_envelopes
D, [2015-02-08T19:43:43.006312 #3494] DEBUG -- Pubnub: Response: [["*********...... 9713 - 2015-02-08 17:43:42"],"14234462228992132"]
D, [2015-02-08T19:43:43.006352 #3494] DEBUG -- Pubnub: Event#update_app_timetoken
D, [2015-02-08T19:43:43.006400 #3494] DEBUG -- Pubnub: Pubnub::Client#update_timetoken | Current timetoken is eq 14234462228992132
D, [2015-02-08T19:43:43.006439 #3494] DEBUG -- Pubnub: Updated timetoken to 14234462228992132
D, [2015-02-08T19:43:43.006483 #3494] DEBUG -- Pubnub: Event#fire_callbacks async
D, [2015-02-08T19:43:43.006542 #3494] DEBUG -- Pubnub: We can send next request now
D, [2015-02-08T19:43:43.063998 #3494] DEBUG -- Pubnub: Async subscription running
D, [2015-02-08T19:43:43.064124 #3494] DEBUG -- Pubnub: origin: pubsub.pubnub.com
D, [2015-02-08T19:43:43.064169 #3494] DEBUG -- Pubnub: timetoken: 14234462228992132
D, [2015-02-08T19:43:43.064314 #3494] DEBUG -- Pubnub: Event#start_event | sending request
D, [2015-02-08T19:43:43.064398 #3494] DEBUG -- Pubnub: Event#start_event | tt: 14234462228992132; ctt 14234462228992132
D, [2015-02-08T19:43:43.064514 #3494] DEBUG -- Pubnub: Pubnub::Subscribe#uri http://pubsub.pubnub.com/subscribe/demo/a/0/14234462228992132?pnsdk=PubNub-Ruby/3.7.0&uuid=i_am_a_real_time_boss_1
D, [2015-02-08T19:43:45.046565 #3494] DEBUG -- Pubnub: Event#handle_response
D, [2015-02-08T19:43:45.046666 #3494] DEBUG -- Pubnub: Subscribe#format_envelopes
D, [2015-02-08T19:43:45.046730 #3494] DEBUG -- Pubnub: Subscribe#format_envelopes | Response parsed
D, [2015-02-08T19:43:45.046772 #3494] DEBUG -- Pubnub: Subscribe#format_envelopes | Not timetoken update
D, [2015-02-08T19:43:45.046814 #3494] DEBUG -- Pubnub: Subscribe#format_envelopes | Channel a created
D, [2015-02-08T19:43:45.046864 #3494] DEBUG -- Pubnub: [["**********..... 9714 - 2015-02-08 17:43:44"], "14234462249400306"]
D, [2015-02-08T19:43:45.046956 #3494] DEBUG -- Pubnub: Subscribe#format_envelopes | Envelopes created
D, [2015-02-08T19:43:45.047002 #3494] DEBUG -- Pubnub: Subscribe#format_envelopes | envelopes created
D, [2015-02-08T19:43:45.047039 #3494] DEBUG -- Pubnub: Event#add_common_data_to_envelopes
D, [2015-02-08T19:43:45.047082 #3494] DEBUG -- Pubnub: Response: [["**********..... 9714 - 2015-02-08 17:43:44"],"14234462249400306"]
D, [2015-02-08T19:43:45.047121 #3494] DEBUG -- Pubnub: Event#update_app_timetoken
D, [2015-02-08T19:43:45.047170 #3494] DEBUG -- Pubnub: Pubnub::Client#update_timetoken | Current timetoken is eq 14234462249400306
D, [2015-02-08T19:43:45.047217 #3494] DEBUG -- Pubnub: Updated timetoken to 14234462249400306
D, [2015-02-08T19:43:45.047289 #3494] DEBUG -- Pubnub: Event#fire_callbacks async
D, [2015-02-08T19:43:45.047385 #3494] DEBUG -- Pubnub: We can send next request now
D, [2015-02-08T19:43:45.066609 #3494] DEBUG -- Pubnub: Async subscription running
D, [2015-02-08T19:43:45.066724 #3494] DEBUG -- Pubnub: origin: pubsub.pubnub.com
D, [2015-02-08T19:43:45.066769 #3494] DEBUG -- Pubnub: timetoken: 14234462249400306
D, [2015-02-08T19:43:45.066894 #3494] DEBUG -- Pubnub: Event#start_event | sending request
D, [2015-02-08T19:43:45.066982 #3494] DEBUG -- Pubnub: Event#start_event | tt: 14234462249400306; ctt 14234462249400306
D, [2015-02-08T19:43:45.067095 #3494] DEBUG -- Pubnub: Pubnub::Subscribe#uri http://pubsub.pubnub.com/subscribe/demo/a/0/14234462249400306?pnsdk=PubNub-Ruby/3.7.0&uuid=i_am_a_real_time_boss_1
D, [2015-02-08T19:43:47.088854 #3494] DEBUG -- Pubnub: Event#handle_response
D, [2015-02-08T19:43:47.088957 #3494] DEBUG -- Pubnub: Subscribe#format_envelopes
D, [2015-02-08T19:43:47.089022 #3494] DEBUG -- Pubnub: Subscribe#format_envelopes | Response parsed
D, [2015-02-08T19:43:47.089064 #3494] DEBUG -- Pubnub: Subscribe#format_envelopes | Not timetoken update
D, [2015-02-08T19:43:47.089106 #3494] DEBUG -- Pubnub: Subscribe#format_envelopes | Channel a created
D, [2015-02-08T19:43:47.089156 #3494] DEBUG -- Pubnub: [["***********.... 9715 - 2015-02-08 17:43:46"], "14234462269819987"]
D, [2015-02-08T19:43:47.089249 #3494] DEBUG -- Pubnub: Subscribe#format_envelopes | Envelopes created
D, [2015-02-08T19:43:47.089309 #3494] DEBUG -- Pubnub: Subscribe#format_envelopes | envelopes created
D, [2015-02-08T19:43:47.089349 #3494] DEBUG -- Pubnub: Event#add_common_data_to_envelopes
D, [2015-02-08T19:43:47.089392 #3494] DEBUG -- Pubnub: Response: [["***********.... 9715 - 2015-02-08 17:43:46"],"14234462269819987"]
D, [2015-02-08T19:43:47.089430 #3494] DEBUG -- Pubnub: Event#update_app_timetoken
D, [2015-02-08T19:43:47.089478 #3494] DEBUG -- Pubnub: Pubnub::Client#update_timetoken | Current timetoken is eq 14234462269819987
D, [2015-02-08T19:43:47.089517 #3494] DEBUG -- Pubnub: Updated timetoken to 14234462269819987
D, [2015-02-08T19:43:47.089560 #3494] DEBUG -- Pubnub: Event#fire_callbacks async
D, [2015-02-08T19:43:47.089620 #3494] DEBUG -- Pubnub: We can send next request now
D, [2015-02-08T19:43:47.319674 #3494] DEBUG -- Pubnub: Async subscription running
D, [2015-02-08T19:43:47.319800 #3494] DEBUG -- Pubnub: origin: pubsub.pubnub.com
D, [2015-02-08T19:43:47.319845 #3494] DEBUG -- Pubnub: timetoken: 14234462269819987
D, [2015-02-08T19:43:47.319997 #3494] DEBUG -- Pubnub: Event#start_event | sending request
D, [2015-02-08T19:43:47.320063 #3494] DEBUG -- Pubnub: Event#start_event | tt: 14234462269819987; ctt 14234462269819987
D, [2015-02-08T19:43:47.320175 #3494] DEBUG -- Pubnub: Pubnub::Subscribe#uri http://pubsub.pubnub.com/subscribe/demo/a/0/14234462269819987?pnsdk=PubNub-Ruby/3.7.0&uuid=i_am_a_real_time_boss_1
D, [2015-02-08T19:43:49.129357 #3494] DEBUG -- Pubnub: Event#handle_response
D, [2015-02-08T19:43:49.129460 #3494] DEBUG -- Pubnub: Subscribe#format_envelopes
D, [2015-02-08T19:43:49.129524 #3494] DEBUG -- Pubnub: Subscribe#format_envelopes | Response parsed
D, [2015-02-08T19:43:49.129566 #3494] DEBUG -- Pubnub: Subscribe#format_envelopes | Not timetoken update
D, [2015-02-08T19:43:49.129607 #3494] DEBUG -- Pubnub: Subscribe#format_envelopes | Channel a created
D, [2015-02-08T19:43:49.129657 #3494] DEBUG -- Pubnub: [["************... 9716 - 2015-02-08 17:43:48"], "14234462290231652"]
D, [2015-02-08T19:43:49.129748 #3494] DEBUG -- Pubnub: Subscribe#format_envelopes | Envelopes created
D, [2015-02-08T19:43:49.129793 #3494] DEBUG -- Pubnub: Subscribe#format_envelopes | envelopes created
D, [2015-02-08T19:43:49.129830 #3494] DEBUG -- Pubnub: Event#add_common_data_to_envelopes
D, [2015-02-08T19:43:49.129873 #3494] DEBUG -- Pubnub: Response: [["************... 9716 - 2015-02-08 17:43:48"],"14234462290231652"]
D, [2015-02-08T19:43:49.129911 #3494] DEBUG -- Pubnub: Event#update_app_timetoken
D, [2015-02-08T19:43:49.129958 #3494] DEBUG -- Pubnub: Pubnub::Client#update_timetoken | Current timetoken is eq 14234462290231652
D, [2015-02-08T19:43:49.129997 #3494] DEBUG -- Pubnub: Updated timetoken to 14234462290231652
D, [2015-02-08T19:43:49.130040 #3494] DEBUG -- Pubnub: Event#fire_callbacks async
D, [2015-02-08T19:43:49.130099 #3494] DEBUG -- Pubnub: We can send next request now
D, [2015-02-08T19:43:49.322407 #3494] DEBUG -- Pubnub: Async subscription running
D, [2015-02-08T19:43:49.322518 #3494] DEBUG -- Pubnub: origin: pubsub.pubnub.com
D, [2015-02-08T19:43:49.322549 #3494] DEBUG -- Pubnub: timetoken: 14234462290231652
D, [2015-02-08T19:43:49.322654 #3494] DEBUG -- Pubnub: Event#start_event | sending request
D, [2015-02-08T19:43:49.322743 #3494] DEBUG -- Pubnub: Event#start_event | tt: 14234462290231652; ctt 14234462290231652
D, [2015-02-08T19:43:49.322867 #3494] DEBUG -- Pubnub: Pubnub::Subscribe#uri http://pubsub.pubnub.com/subscribe/demo/a/0/14234462290231652?pnsdk=PubNub-Ruby/3.7.0&uuid=i_am_a_real_time_boss_1
D, [2015-02-08T19:43:51.186730 #3494] DEBUG -- Pubnub: Event#handle_response
D, [2015-02-08T19:43:51.186862 #3494] DEBUG -- Pubnub: Subscribe#format_envelopes
D, [2015-02-08T19:43:51.187008 #3494] DEBUG -- Pubnub: Subscribe#format_envelopes | Response parsed
D, [2015-02-08T19:43:51.187086 #3494] DEBUG -- Pubnub: Subscribe#format_envelopes | Not timetoken update
D, [2015-02-08T19:43:51.187171 #3494] DEBUG -- Pubnub: Subscribe#format_envelopes | Channel a created
D, [2015-02-08T19:43:51.187262 #3494] DEBUG -- Pubnub: [["*************.. 9717 - 2015-02-08 17:43:50"], "14234462310628454"]
D, [2015-02-08T19:43:51.187440 #3494] DEBUG -- Pubnub: Subscribe#format_envelopes | Envelopes created
D, [2015-02-08T19:43:51.187524 #3494] DEBUG -- Pubnub: Subscribe#format_envelopes | envelopes created
D, [2015-02-08T19:43:51.187595 #3494] DEBUG -- Pubnub: Event#add_common_data_to_envelopes
D, [2015-02-08T19:43:51.187704 #3494] DEBUG -- Pubnub: Response: [["*************.. 9717 - 2015-02-08 17:43:50"],"14234462310628454"]
D, [2015-02-08T19:43:51.187782 #3494] DEBUG -- Pubnub: Event#update_app_timetoken
D, [2015-02-08T19:43:51.187868 #3494] DEBUG -- Pubnub: Pubnub::Client#update_timetoken | Current timetoken is eq 14234462310628454
D, [2015-02-08T19:43:51.187982 #3494] DEBUG -- Pubnub: Updated timetoken to 14234462310628454
D, [2015-02-08T19:43:51.188064 #3494] DEBUG -- Pubnub: Event#fire_callbacks async
D, [2015-02-08T19:43:51.188162 #3494] DEBUG -- Pubnub: We can send next request now
D, [2015-02-08T19:43:51.325672 #3494] DEBUG -- Pubnub: Async subscription running
D, [2015-02-08T19:43:51.325794 #3494] DEBUG -- Pubnub: origin: pubsub.pubnub.com
D, [2015-02-08T19:43:51.325841 #3494] DEBUG -- Pubnub: timetoken: 14234462310628454
D, [2015-02-08T19:43:51.325997 #3494] DEBUG -- Pubnub: Event#start_event | sending request
D, [2015-02-08T19:43:51.326097 #3494] DEBUG -- Pubnub: Event#start_event | tt: 14234462310628454; ctt 14234462310628454
D, [2015-02-08T19:43:51.326248 #3494] DEBUG -- Pubnub: Pubnub::Subscribe#uri http://pubsub.pubnub.com/subscribe/demo/a/0/14234462310628454?pnsdk=PubNub-Ruby/3.7.0&uuid=i_am_a_real_time_boss_1
D, [2015-02-08T19:43:53.213820 #3494] DEBUG -- Pubnub: Event#handle_response
D, [2015-02-08T19:43:53.213923 #3494] DEBUG -- Pubnub: Subscribe#format_envelopes
D, [2015-02-08T19:43:53.213987 #3494] DEBUG -- Pubnub: Subscribe#format_envelopes | Response parsed
D, [2015-02-08T19:43:53.214029 #3494] DEBUG -- Pubnub: Subscribe#format_envelopes | Not timetoken update
D, [2015-02-08T19:43:53.214070 #3494] DEBUG -- Pubnub: Subscribe#format_envelopes | Channel a created
D, [2015-02-08T19:43:53.214120 #3494] DEBUG -- Pubnub: [["**************. 9718 - 2015-02-08 17:43:52"], "14234462331033996"]
D, [2015-02-08T19:43:53.214212 #3494] DEBUG -- Pubnub: Subscribe#format_envelopes | Envelopes created
D, [2015-02-08T19:43:53.214257 #3494] DEBUG -- Pubnub: Subscribe#format_envelopes | envelopes created
D, [2015-02-08T19:43:53.214295 #3494] DEBUG -- Pubnub: Event#add_common_data_to_envelopes
D, [2015-02-08T19:43:53.214338 #3494] DEBUG -- Pubnub: Response: [["**************. 9718 - 2015-02-08 17:43:52"],"14234462331033996"]
D, [2015-02-08T19:43:53.214376 #3494] DEBUG -- Pubnub: Event#update_app_timetoken
D, [2015-02-08T19:43:53.214425 #3494] DEBUG -- Pubnub: Pubnub::Client#update_timetoken | Current timetoken is eq 14234462331033996
D, [2015-02-08T19:43:53.214464 #3494] DEBUG -- Pubnub: Updated timetoken to 14234462331033996
D, [2015-02-08T19:43:53.214507 #3494] DEBUG -- Pubnub: Event#fire_callbacks async
D, [2015-02-08T19:43:53.214565 #3494] DEBUG -- Pubnub: We can send next request now
D, [2015-02-08T19:43:53.328403 #3494] DEBUG -- Pubnub: Async subscription running
D, [2015-02-08T19:43:53.328529 #3494] DEBUG -- Pubnub: origin: pubsub.pubnub.com
D, [2015-02-08T19:43:53.328575 #3494] DEBUG -- Pubnub: timetoken: 14234462331033996
D, [2015-02-08T19:43:53.328721 #3494] DEBUG -- Pubnub: Event#start_event | sending request
D, [2015-02-08T19:43:53.328808 #3494] DEBUG -- Pubnub: Event#start_event | tt: 14234462331033996; ctt 14234462331033996
D, [2015-02-08T19:43:53.328922 #3494] DEBUG -- Pubnub: Pubnub::Subscribe#uri http://pubsub.pubnub.com/subscribe/demo/a/0/14234462331033996?pnsdk=PubNub-Ruby/3.7.0&uuid=i_am_a_real_time_boss_1
D, [2015-02-08T19:43:55.253115 #3494] DEBUG -- Pubnub: Event#handle_response
D, [2015-02-08T19:43:55.253217 #3494] DEBUG -- Pubnub: Subscribe#format_envelopes
D, [2015-02-08T19:43:55.253282 #3494] DEBUG -- Pubnub: Subscribe#format_envelopes | Response parsed
D, [2015-02-08T19:43:55.253325 #3494] DEBUG -- Pubnub: Subscribe#format_envelopes | Not timetoken update
D, [2015-02-08T19:43:55.253382 #3494] DEBUG -- Pubnub: Subscribe#format_envelopes | Channel a created
D, [2015-02-08T19:43:55.253434 #3494] DEBUG -- Pubnub: [["*************** 9719 - 2015-02-08 17:43:54"], "14234462351465848"]
D, [2015-02-08T19:43:55.253526 #3494] DEBUG -- Pubnub: Subscribe#format_envelopes | Envelopes created
D, [2015-02-08T19:43:55.253571 #3494] DEBUG -- Pubnub: Subscribe#format_envelopes | envelopes created
D, [2015-02-08T19:43:55.253609 #3494] DEBUG -- Pubnub: Event#add_common_data_to_envelopes
D, [2015-02-08T19:43:55.253660 #3494] DEBUG -- Pubnub: Response: [["*************** 9719 - 2015-02-08 17:43:54"],"14234462351465848"]
D, [2015-02-08T19:43:55.253700 #3494] DEBUG -- Pubnub: Event#update_app_timetoken
D, [2015-02-08T19:43:55.253747 #3494] DEBUG -- Pubnub: Pubnub::Client#update_timetoken | Current timetoken is eq 14234462351465848
D, [2015-02-08T19:43:55.253786 #3494] DEBUG -- Pubnub: Updated timetoken to 14234462351465848
D, [2015-02-08T19:43:55.253830 #3494] DEBUG -- Pubnub: Event#fire_callbacks async
D, [2015-02-08T19:43:55.253888 #3494] DEBUG -- Pubnub: We can send next request now
D, [2015-02-08T19:43:55.331044 #3494] DEBUG -- Pubnub: Async subscription running
D, [2015-02-08T19:43:55.331209 #3494] DEBUG -- Pubnub: origin: pubsub.pubnub.com
D, [2015-02-08T19:43:55.331292 #3494] DEBUG -- Pubnub: timetoken: 14234462351465848
D, [2015-02-08T19:43:55.331466 #3494] DEBUG -- Pubnub: Event#start_event | sending request
D, [2015-02-08T19:43:55.332401 #3494] DEBUG -- Pubnub: Event#start_event | tt: 14234462351465848; ctt 14234462351465848
D, [2015-02-08T19:43:55.332552 #3494] DEBUG -- Pubnub: Pubnub::Subscribe#uri http://pubsub.pubnub.com/subscribe/demo/a/0/14234462351465848?pnsdk=PubNub-Ruby/3.7.0&uuid=i_am_a_real_time_boss_1
D, [2015-02-08T19:43:57.304740 #3494] DEBUG -- Pubnub: Event#handle_response
D, [2015-02-08T19:43:57.304846 #3494] DEBUG -- Pubnub: Subscribe#format_envelopes
D, [2015-02-08T19:43:57.304910 #3494] DEBUG -- Pubnub: Subscribe#format_envelopes | Response parsed
D, [2015-02-08T19:43:57.304953 #3494] DEBUG -- Pubnub: Subscribe#format_envelopes | Not timetoken update
D, [2015-02-08T19:43:57.304995 #3494] DEBUG -- Pubnub: Subscribe#format_envelopes | Channel a created
D, [2015-02-08T19:43:57.305044 #3494] DEBUG -- Pubnub: [["*.............. 9720 - 2015-02-08 17:43:56"], "14234462371835556"]
D, [2015-02-08T19:43:57.305138 #3494] DEBUG -- Pubnub: Subscribe#format_envelopes | Envelopes created
D, [2015-02-08T19:43:57.305184 #3494] DEBUG -- Pubnub: Subscribe#format_envelopes | envelopes created
D, [2015-02-08T19:43:57.305221 #3494] DEBUG -- Pubnub: Event#add_common_data_to_envelopes
D, [2015-02-08T19:43:57.305265 #3494] DEBUG -- Pubnub: Response: [["*.............. 9720 - 2015-02-08 17:43:56"],"14234462371835556"]
D, [2015-02-08T19:43:57.305303 #3494] DEBUG -- Pubnub: Event#update_app_timetoken
D, [2015-02-08T19:43:57.305352 #3494] DEBUG -- Pubnub: Pubnub::Client#update_timetoken | Current timetoken is eq 14234462371835556
D, [2015-02-08T19:43:57.305391 #3494] DEBUG -- Pubnub: Updated timetoken to 14234462371835556
D, [2015-02-08T19:43:57.305435 #3494] DEBUG -- Pubnub: Event#fire_callbacks async
D, [2015-02-08T19:43:57.305495 #3494] DEBUG -- Pubnub: We can send next request now
D, [2015-02-08T19:43:57.333680 #3494] DEBUG -- Pubnub: Async subscription running
D, [2015-02-08T19:43:57.333816 #3494] DEBUG -- Pubnub: origin: pubsub.pubnub.com
D, [2015-02-08T19:43:57.333885 #3494] DEBUG -- Pubnub: timetoken: 14234462371835556
D, [2015-02-08T19:43:57.334043 #3494] DEBUG -- Pubnub: Event#start_event | sending request
D, [2015-02-08T19:43:57.334133 #3494] DEBUG -- Pubnub: Event#start_event | tt: 14234462371835556; ctt 14234462371835556
D, [2015-02-08T19:43:57.334253 #3494] DEBUG -- Pubnub: Pubnub::Subscribe#uri http://pubsub.pubnub.com/subscribe/demo/a/0/14234462371835556?pnsdk=PubNub-Ruby/3.7.0&uuid=i_am_a_real_time_boss_1
D, [2015-02-08T19:43:59.345986 #3494] DEBUG -- Pubnub: Event#handle_response
D, [2015-02-08T19:43:59.346089 #3494] DEBUG -- Pubnub: Subscribe#format_envelopes
D, [2015-02-08T19:43:59.346167 #3494] DEBUG -- Pubnub: Subscribe#format_envelopes | Response parsed
D, [2015-02-08T19:43:59.346210 #3494] DEBUG -- Pubnub: Subscribe#format_envelopes | Not timetoken update
D, [2015-02-08T19:43:59.346252 #3494] DEBUG -- Pubnub: Subscribe#format_envelopes | Channel a created
D, [2015-02-08T19:43:59.346302 #3494] DEBUG -- Pubnub: [["**............. 9721 - 2015-02-08 17:43:58"], "14234462392238882"]
D, [2015-02-08T19:43:59.346391 #3494] DEBUG -- Pubnub: Subscribe#format_envelopes | Envelopes created
D, [2015-02-08T19:43:59.346436 #3494] DEBUG -- Pubnub: Subscribe#format_envelopes | envelopes created
D, [2015-02-08T19:43:59.346473 #3494] DEBUG -- Pubnub: Event#add_common_data_to_envelopes
D, [2015-02-08T19:43:59.346516 #3494] DEBUG -- Pubnub: Response: [["**............. 9721 - 2015-02-08 17:43:58"],"14234462392238882"]
D, [2015-02-08T19:43:59.346555 #3494] DEBUG -- Pubnub: Event#update_app_timetoken
D, [2015-02-08T19:43:59.346602 #3494] DEBUG -- Pubnub: Pubnub::Client#update_timetoken | Current timetoken is eq 14234462392238882
D, [2015-02-08T19:43:59.346641 #3494] DEBUG -- Pubnub: Updated timetoken to 14234462392238882
D, [2015-02-08T19:43:59.346684 #3494] DEBUG -- Pubnub: Event#fire_callbacks async
D, [2015-02-08T19:43:59.346751 #3494] DEBUG -- Pubnub: We can send next request now
D, [2015-02-08T19:43:59.587506 #3494] DEBUG -- Pubnub: Async subscription running
D, [2015-02-08T19:43:59.587641 #3494] DEBUG -- Pubnub: origin: pubsub.pubnub.com
D, [2015-02-08T19:43:59.587740 #3494] DEBUG -- Pubnub: timetoken: 14234462392238882
D, [2015-02-08T19:43:59.587877 #3494] DEBUG -- Pubnub: Event#start_event | sending request
D, [2015-02-08T19:43:59.587964 #3494] DEBUG -- Pubnub: Event#start_event | tt: 14234462392238882; ctt 14234462392238882
D, [2015-02-08T19:43:59.588079 #3494] DEBUG -- Pubnub: Pubnub::Subscribe#uri http://pubsub.pubnub.com/subscribe/demo/a/0/14234462392238882?pnsdk=PubNub-Ruby/3.7.0&uuid=i_am_a_real_time_boss_1
D, [2015-02-08T19:44:01.390937 #3494] DEBUG -- Pubnub: Event#handle_response
D, [2015-02-08T19:44:01.391036 #3494] DEBUG -- Pubnub: Subscribe#format_envelopes
D, [2015-02-08T19:44:01.391100 #3494] DEBUG -- Pubnub: Subscribe#format_envelopes | Response parsed
D, [2015-02-08T19:44:01.391143 #3494] DEBUG -- Pubnub: Subscribe#format_envelopes | Not timetoken update
D, [2015-02-08T19:44:01.391185 #3494] DEBUG -- Pubnub: Subscribe#format_envelopes | Channel a created
D, [2015-02-08T19:44:01.391235 #3494] DEBUG -- Pubnub: [["***............ 9722 - 2015-02-08 17:44:00"], "14234462412649919"]
D, [2015-02-08T19:44:01.391325 #3494] DEBUG -- Pubnub: Subscribe#format_envelopes | Envelopes created
D, [2015-02-08T19:44:01.391371 #3494] DEBUG -- Pubnub: Subscribe#format_envelopes | envelopes created
D, [2015-02-08T19:44:01.391409 #3494] DEBUG -- Pubnub: Event#add_common_data_to_envelopes
D, [2015-02-08T19:44:01.391452 #3494] DEBUG -- Pubnub: Response: [["***............ 9722 - 2015-02-08 17:44:00"],"14234462412649919"]
D, [2015-02-08T19:44:01.391490 #3494] DEBUG -- Pubnub: Event#update_app_timetoken
D, [2015-02-08T19:44:01.391537 #3494] DEBUG -- Pubnub: Pubnub::Client#update_timetoken | Current timetoken is eq 14234462412649919
D, [2015-02-08T19:44:01.391576 #3494] DEBUG -- Pubnub: Updated timetoken to 14234462412649919
D, [2015-02-08T19:44:01.391619 #3494] DEBUG -- Pubnub: Event#fire_callbacks async
D, [2015-02-08T19:44:01.391689 #3494] DEBUG -- Pubnub: We can send next request now
D, [2015-02-08T19:44:01.590404 #3494] DEBUG -- Pubnub: Async subscription running
D, [2015-02-08T19:44:01.590550 #3494] DEBUG -- Pubnub: origin: pubsub.pubnub.com
D, [2015-02-08T19:44:01.590601 #3494] DEBUG -- Pubnub: timetoken: 14234462412649919
D, [2015-02-08T19:44:01.590737 #3494] DEBUG -- Pubnub: Event#start_event | sending request
D, [2015-02-08T19:44:01.590828 #3494] DEBUG -- Pubnub: Event#start_event | tt: 14234462412649919; ctt 14234462412649919
D, [2015-02-08T19:44:01.590950 #3494] DEBUG -- Pubnub: Pubnub::Subscribe#uri http://pubsub.pubnub.com/subscribe/demo/a/0/14234462412649919?pnsdk=PubNub-Ruby/3.7.0&uuid=i_am_a_real_time_boss_1
D, [2015-02-08T19:44:02.713356 #3494] DEBUG -- Pubnub: Event#initialize | Initialized Pubnub::Leave
D, [2015-02-08T19:44:02.713476 #3494] DEBUG -- Pubnub: Created event Pubnub::Leave
D, [2015-02-08T19:44:02.714521 #3494] DEBUG -- Pubnub: Pubnub::Leave#fire
D, [2015-02-08T19:44:02.714599 #3494] DEBUG -- Pubnub: Pubnub::Client#update_timetoken | Current timetoken is eq 0
D, [2015-02-08T19:44:02.714660 #3494] DEBUG -- Pubnub: ["a"].include? a
D, [2015-02-08T19:44:02.714736 #3494] DEBUG -- Pubnub: SubscribeEvent#remove_channel | Removed channel
D, [2015-02-08T19:44:02.715372 #3494] DEBUG -- Pubnub: Pubnub::SingleEvent#fire
D, [2015-02-08T19:44:02.715422 #3494] DEBUG -- Pubnub: Pubnub::SingleEvent#fire | Adding event to async_events
D, [2015-02-08T19:44:02.715460 #3494] DEBUG -- Pubnub: Pubnub::SingleEvent#fire | Starting railgun
D, [2015-02-08T19:44:02.715498 #3494] DEBUG -- Pubnub: Pubnub::Client#start_event_machine | starting EM in new thread
D, [2015-02-08T19:44:02.715537 #3494] DEBUG -- Pubnub: Pubnub::Client#start_event_machine | We aren't running on thin
D, [2015-02-08T19:44:02.715575 #3494] DEBUG -- Pubnub: Pubnub::Client#start_event_machine | EM already running
D, [2015-02-08T19:44:02.715611 #3494] DEBUG -- Pubnub: Pubnub::Client#start_railgun | Initializing railgun
D, [2015-02-08T19:44:02.715716 #3494] DEBUG -- Pubnub: Pubnub::Client#start_event_machine | starting EM in new thread
D, [2015-02-08T19:44:02.715765 #3494] DEBUG -- Pubnub: Pubnub::Client#start_event_machine | We aren't running on thin
D, [2015-02-08T19:44:02.715803 #3494] DEBUG -- Pubnub: Pubnub::Client#start_event_machine | EM already running
D, [2015-02-08T19:44:02.715842 #3494] DEBUG -- Pubnub: Pubnub::Client#start_subscribe | Aborting previous request
E, [2015-02-08T19:44:02.716118 #3494] ERROR -- Pubnub: #<NoMethodError: undefined method `[]=' for nil:NilClass>
D, [2015-02-08T19:44:02.716195 #3494] DEBUG -- Pubnub: Event#start_event | sending request
D, [2015-02-08T19:44:02.716269 #3494] DEBUG -- Pubnub: Event#start_event | tt: 14234462412649919; ctt 0
D, [2015-02-08T19:44:02.716379 #3494] DEBUG -- Pubnub: Pubnub::Subscribe#uri http://pubsub.pubnub.com/subscribe/demo/,/0/14234462412649919?pnsdk=PubNub-Ruby/3.7.0&uuid=i_am_a_real_time_boss_1
E, [2015-02-08T19:44:02.716550 #3494] ERROR -- Pubnub: #<NoMethodError: undefined method `request' for nil:NilClass>
D, [2015-02-08T19:44:02.716601 #3494] DEBUG -- Pubnub: Event#start_event | sending request
D, [2015-02-08T19:44:02.716672 #3494] DEBUG -- Pubnub: Event#start_event | tt: 14234462412649919; ctt 0
D, [2015-02-08T19:44:02.716755 #3494] DEBUG -- Pubnub: Pubnub::Subscribe#uri http://pubsub.pubnub.com/subscribe/demo/,/0/14234462412649919?pnsdk=PubNub-Ruby/3.7.0&uuid=i_am_a_real_time_boss_1
E, [2015-02-08T19:44:02.716897 #3494] ERROR -- Pubnub: #<NoMethodError: undefined method `request' for nil:NilClass>
D, [2015-02-08T19:44:02.716948 #3494] DEBUG -- Pubnub: Event#start_event | sending request
D, [2015-02-08T19:44:02.716993 #3494] DEBUG -- Pubnub: Event#start_event | tt: 14234462412649919; ctt 0
D, [2015-02-08T19:44:02.717070 #3494] DEBUG -- Pubnub: Pubnub::Subscribe#uri http://pubsub.pubnub.com/subscribe/demo/,/0/14234462412649919?pnsdk=PubNub-Ruby/3.7.0&uuid=i_am_a_real_time_boss_1
E, [2015-02-08T19:44:02.717225 #3494] ERROR -- Pubnub: #<NoMethodError: undefined method `request' for nil:NilClass>
D, [2015-02-08T19:44:02.717275 #3494] DEBUG -- Pubnub: Event#start_event | sending request
D, [2015-02-08T19:44:02.717337 #3494] DEBUG -- Pubnub: Event#start_event | tt: 14234462412649919; ctt 0
D, [2015-02-08T19:44:02.717431 #3494] DEBUG -- Pubnub: Pubnub::Subscribe#uri http://pubsub.pubnub.com/subscribe/demo/,/0/14234462412649919?pnsdk=PubNub-Ruby/3.7.0&uuid=i_am_a_real_time_boss_1
E, [2015-02-08T19:44:02.717568 #3494] ERROR -- Pubnub: #<NoMethodError: undefined method `request' for nil:NilClass>
D, [2015-02-08T19:44:02.719061 #3494] DEBUG -- Pubnub: Event#start_event | sending request
D, [2015-02-08T19:44:02.719127 #3494] DEBUG -- Pubnub: Event#start_event | tt: 14234462412649919; ctt 0
D, [2015-02-08T19:44:02.719245 #3494] DEBUG -- Pubnub: Pubnub::Subscribe#uri http://pubsub.pubnub.com/subscribe/demo/,/0/14234462412649919?pnsdk=PubNub-Ruby/3.7.0&uuid=i_am_a_real_time_boss_1
E, [2015-02-08T19:44:02.719437 #3494] ERROR -- Pubnub: #<NoMethodError: undefined method `request' for nil:NilClass>
D, [2015-02-08T19:44:02.719505 #3494] DEBUG -- Pubnub: Event#start_event | sending request
D, [2015-02-08T19:44:02.719566 #3494] DEBUG -- Pubnub: Event#start_event | tt: 14234462412649919; ctt 0
D, [2015-02-08T19:44:02.719697 #3494] DEBUG -- Pubnub: Pubnub::Subscribe#uri http://pubsub.pubnub.com/subscribe/demo/,/0/14234462412649919?pnsdk=PubNub-Ruby/3.7.0&uuid=i_am_a_real_time_boss_1
E, [2015-02-08T19:44:02.719821 #3494] ERROR -- Pubnub: #<NoMethodError: undefined method `request' for nil:NilClass>
D, [2015-02-08T19:44:02.719853 #3494] DEBUG -- Pubnub: Event#start_event | sending request
D, [2015-02-08T19:44:02.719899 #3494] DEBUG -- Pubnub: Event#start_event | tt: 14234462412649919; ctt 0
D, [2015-02-08T19:44:02.719960 #3494] DEBUG -- Pubnub: Pubnub::Subscribe#uri http://pubsub.pubnub.com/subscribe/demo/,/0/14234462412649919?pnsdk=PubNub-Ruby/3.7.0&uuid=i_am_a_real_time_boss_1
E, [2015-02-08T19:44:02.720068 #3494] ERROR -- Pubnub: #<NoMethodError: undefined method `request' for nil:NilClass>
D, [2015-02-08T19:44:02.720101 #3494] DEBUG -- Pubnub: Event#start_event | sending request
D, [2015-02-08T19:44:02.720130 #3494] DEBUG -- Pubnub: Event#start_event | tt: 14234462412649919; ctt 0
D, [2015-02-08T19:44:02.720191 #3494] DEBUG -- Pubnub: Pubnub::Subscribe#uri http://pubsub.pubnub.com/subscribe/demo/,/0/14234462412649919?pnsdk=PubNub-Ruby/3.7.0&uuid=i_am_a_real_time_boss_1
E, [2015-02-08T19:44:02.720312 #3494] ERROR -- Pubnub: #<NoMethodError: undefined method `request' for nil:NilClass>
D, [2015-02-08T19:44:02.720355 #3494] DEBUG -- Pubnub: Event#start_event | sending request
D, [2015-02-08T19:44:02.720385 #3494] DEBUG -- Pubnub: Event#start_event | tt: 14234462412649919; ctt 0
D, [2015-02-08T19:44:02.720444 #3494] DEBUG -- Pubnub: Pubnub::Subscribe#uri http://pubsub.pubnub.com/subscribe/demo/,/0/14234462412649919?pnsdk=PubNub-Ruby/3.7.0&uuid=i_am_a_real_time_boss_1
E, [2015-02-08T19:44:02.720532 #3494] ERROR -- Pubnub: #<NoMethodError: undefined method `request' for nil:NilClass>
D, [2015-02-08T19:44:02.720563 #3494] DEBUG -- Pubnub: Event#start_event | sending request
D, [2015-02-08T19:44:02.720601 #3494] DEBUG -- Pubnub: Event#start_event | tt: 14234462412649919; ctt 0
D, [2015-02-08T19:44:02.720660 #3494] DEBUG -- Pubnub: Pubnub::Subscribe#uri http://pubsub.pubnub.com/subscribe/demo/,/0/14234462412649919?pnsdk=PubNub-Ruby/3.7.0&uuid=i_am_a_real_time_boss_1
E, [2015-02-08T19:44:02.720769 #3494] ERROR -- Pubnub: #<NoMethodError: undefined method `request' for nil:NilClass>
D, [2015-02-08T19:44:02.720821 #3494] DEBUG -- Pubnub: Event#handle_response
D, [2015-02-08T19:44:02.720859 #3494] DEBUG -- Pubnub: Subscribe#format_envelopes
D, [2015-02-08T19:44:02.720906 #3494] DEBUG -- Pubnub: Subscribe#format_envelopes | Response parsed
D, [2015-02-08T19:44:02.720935 #3494] DEBUG -- Pubnub: Subscribe#format_envelopes | Not timetoken update
D, [2015-02-08T19:44:02.720974 #3494] DEBUG -- Pubnub: Subscribe#format_envelopes | Channel  created
D, [2015-02-08T19:44:02.721019 #3494] DEBUG -- Pubnub: [["***............ 9722 - 2015-02-08 17:44:00"], "14234462412649919"]
D, [2015-02-08T19:44:02.721089 #3494] DEBUG -- Pubnub: Subscribe#format_envelopes | Envelopes created
D, [2015-02-08T19:44:02.721127 #3494] DEBUG -- Pubnub: Subscribe#format_envelopes | envelopes created
D, [2015-02-08T19:44:02.721163 #3494] DEBUG -- Pubnub: Event#add_common_data_to_envelopes
D, [2015-02-08T19:44:02.721196 #3494] DEBUG -- Pubnub: Response: [["***............ 9722 - 2015-02-08 17:44:00"],"14234462412649919"]
D, [2015-02-08T19:44:02.721231 #3494] DEBUG -- Pubnub: Event#update_app_timetoken
D, [2015-02-08T19:44:02.721274 #3494] DEBUG -- Pubnub: Pubnub::Client#update_timetoken | Current timetoken is eq 14234462412649919
D, [2015-02-08T19:44:02.721334 #3494] DEBUG -- Pubnub: Updated timetoken to 14234462412649919
D, [2015-02-08T19:44:02.721373 #3494] DEBUG -- Pubnub: Event#fire_callbacks async
E, [2015-02-08T19:44:02.721427 #3494] ERROR -- Pubnub: undefined method `[]' for nil:NilClass (NoMethodError)
/home/jason/.rvm/gems/ruby-2.1.5/gems/pubnub-3.7.0/lib/pubnub/event.rb:470:in `block in fire_callbacks'
/home/jason/.rvm/gems/ruby-2.1.5/gems/pubnub-3.7.0/lib/pubnub/event.rb:466:in `each'
/home/jason/.rvm/gems/ruby-2.1.5/gems/pubnub-3.7.0/lib/pubnub/event.rb:466:in `fire_callbacks'
/home/jason/.rvm/gems/ruby-2.1.5/gems/pubnub-3.7.0/lib/pubnub/event.rb:114:in `handle_response'
/home/jason/.rvm/gems/ruby-2.1.5/gems/pubnub-3.7.0/lib/pubnub/event.rb:64:in `start_event'
/home/jason/.rvm/gems/ruby-2.1.5/gems/pubnub-3.7.0/lib/pubnub/event.rb:71:in `rescue in start_event'
/home/jason/.rvm/gems/ruby-2.1.5/gems/pubnub-3.7.0/lib/pubnub/event.rb:54:in `start_event'
/home/jason/.rvm/gems/ruby-2.1.5/gems/pubnub-3.7.0/lib/pubnub/event.rb:71:in `rescue in start_event'
/home/jason/.rvm/gems/ruby-2.1.5/gems/pubnub-3.7.0/lib/pubnub/event.rb:54:in `start_event'
/home/jason/.rvm/gems/ruby-2.1.5/gems/pubnub-3.7.0/lib/pubnub/event.rb:71:in `rescue in start_event'
/home/jason/.rvm/gems/ruby-2.1.5/gems/pubnub-3.7.0/lib/pubnub/event.rb:54:in `start_event'
/home/jason/.rvm/gems/ruby-2.1.5/gems/pubnub-3.7.0/lib/pubnub/event.rb:71:in `rescue in start_event'
/home/jason/.rvm/gems/ruby-2.1.5/gems/pubnub-3.7.0/lib/pubnub/event.rb:54:in `start_event'
/home/jason/.rvm/gems/ruby-2.1.5/gems/pubnub-3.7.0/lib/pubnub/event.rb:71:in `rescue in start_event'
/home/jason/.rvm/gems/ruby-2.1.5/gems/pubnub-3.7.0/lib/pubnub/event.rb:54:in `start_event'
/home/jason/.rvm/gems/ruby-2.1.5/gems/pubnub-3.7.0/lib/pubnub/event.rb:71:in `rescue in start_event'
/home/jason/.rvm/gems/ruby-2.1.5/gems/pubnub-3.7.0/lib/pubnub/event.rb:54:in `start_event'
/home/jason/.rvm/gems/ruby-2.1.5/gems/pubnub-3.7.0/lib/pubnub/event.rb:71:in `rescue in start_event'
/home/jason/.rvm/gems/ruby-2.1.5/gems/pubnub-3.7.0/lib/pubnub/event.rb:54:in `start_event'
/home/jason/.rvm/gems/ruby-2.1.5/gems/pubnub-3.7.0/lib/pubnub/event.rb:71:in `rescue in start_event'
/home/jason/.rvm/gems/ruby-2.1.5/gems/pubnub-3.7.0/lib/pubnub/event.rb:54:in `start_event'
/home/jason/.rvm/gems/ruby-2.1.5/gems/pubnub-3.7.0/lib/pubnub/event.rb:71:in `rescue in start_event'
/home/jason/.rvm/gems/ruby-2.1.5/gems/pubnub-3.7.0/lib/pubnub/event.rb:54:in `start_event'
/home/jason/.rvm/gems/ruby-2.1.5/gems/pubnub-3.7.0/lib/pubnub/event.rb:71:in `rescue in start_event'
/home/jason/.rvm/gems/ruby-2.1.5/gems/pubnub-3.7.0/lib/pubnub/event.rb:54:in `start_event'
/home/jason/.rvm/gems/ruby-2.1.5/gems/pubnub-3.7.0/lib/pubnub/event.rb:71:in `rescue in start_event'
/home/jason/.rvm/gems/ruby-2.1.5/gems/pubnub-3.7.0/lib/pubnub/event.rb:54:in `start_event'
/home/jason/.rvm/gems/ruby-2.1.5/gems/pubnub-3.7.0/lib/pubnub/client.rb:188:in `block (3 levels) in start_subscribe'
/home/jason/.rvm/gems/ruby-2.1.5/gems/eventmachine-1.0.6/lib/eventmachine.rb:1051:in `call'
/home/jason/.rvm/gems/ruby-2.1.5/gems/eventmachine-1.0.6/lib/eventmachine.rb:1051:in `block in spawn_threadpool'
E, [2015-02-08T19:44:02.721506 #3494] ERROR -- Pubnub: ["/home/jason/.rvm/gems/ruby-2.1.5/gems/pubnub-3.7.0/lib/pubnub/event.rb:470:in `block in fire_callbacks'", "/home/jason/.rvm/gems/ruby-2.1.5/gems/pubnub-3.7.0/lib/pubnub/event.rb:466:in `each'", "/home/jason/.rvm/gems/ruby-2.1.5/gems/pubnub-3.7.0/lib/pubnub/event.rb:466:in `fire_callbacks'", "/home/jason/.rvm/gems/ruby-2.1.5/gems/pubnub-3.7.0/lib/pubnub/event.rb:114:in `handle_response'", "/home/jason/.rvm/gems/ruby-2.1.5/gems/pubnub-3.7.0/lib/pubnub/event.rb:64:in `start_event'", "/home/jason/.rvm/gems/ruby-2.1.5/gems/pubnub-3.7.0/lib/pubnub/event.rb:71:in `rescue in start_event'", "/home/jason/.rvm/gems/ruby-2.1.5/gems/pubnub-3.7.0/lib/pubnub/event.rb:54:in `start_event'", "/home/jason/.rvm/gems/ruby-2.1.5/gems/pubnub-3.7.0/lib/pubnub/event.rb:71:in `rescue in start_event'", "/home/jason/.rvm/gems/ruby-2.1.5/gems/pubnub-3.7.0/lib/pubnub/event.rb:54:in `start_event'", "/home/jason/.rvm/gems/ruby-2.1.5/gems/pubnub-3.7.0/lib/pubnub/event.rb:71:in `rescue in start_event'", "/home/jason/.rvm/gems/ruby-2.1.5/gems/pubnub-3.7.0/lib/pubnub/event.rb:54:in `start_event'", "/home/jason/.rvm/gems/ruby-2.1.5/gems/pubnub-3.7.0/lib/pubnub/event.rb:71:in `rescue in start_event'", "/home/jason/.rvm/gems/ruby-2.1.5/gems/pubnub-3.7.0/lib/pubnub/event.rb:54:in `start_event'", "/home/jason/.rvm/gems/ruby-2.1.5/gems/pubnub-3.7.0/lib/pubnub/event.rb:71:in `rescue in start_event'", "/home/jason/.rvm/gems/ruby-2.1.5/gems/pubnub-3.7.0/lib/pubnub/event.rb:54:in `start_event'", "/home/jason/.rvm/gems/ruby-2.1.5/gems/pubnub-3.7.0/lib/pubnub/event.rb:71:in `rescue in start_event'", "/home/jason/.rvm/gems/ruby-2.1.5/gems/pubnub-3.7.0/lib/pubnub/event.rb:54:in `start_event'", "/home/jason/.rvm/gems/ruby-2.1.5/gems/pubnub-3.7.0/lib/pubnub/event.rb:71:in `rescue in start_event'", "/home/jason/.rvm/gems/ruby-2.1.5/gems/pubnub-3.7.0/lib/pubnub/event.rb:54:in `start_event'", "/home/jason/.rvm/gems/ruby-2.1.5/gems/pubnub-3.7.0/lib/pubnub/event.rb:71:in `rescue in start_event'", "/home/jason/.rvm/gems/ruby-2.1.5/gems/pubnub-3.7.0/lib/pubnub/event.rb:54:in `start_event'", "/home/jason/.rvm/gems/ruby-2.1.5/gems/pubnub-3.7.0/lib/pubnub/event.rb:71:in `rescue in start_event'", "/home/jason/.rvm/gems/ruby-2.1.5/gems/pubnub-3.7.0/lib/pubnub/event.rb:54:in `start_event'", "/home/jason/.rvm/gems/ruby-2.1.5/gems/pubnub-3.7.0/lib/pubnub/event.rb:71:in `rescue in start_event'", "/home/jason/.rvm/gems/ruby-2.1.5/gems/pubnub-3.7.0/lib/pubnub/event.rb:54:in `start_event'", "/home/jason/.rvm/gems/ruby-2.1.5/gems/pubnub-3.7.0/lib/pubnub/event.rb:71:in `rescue in start_event'", "/home/jason/.rvm/gems/ruby-2.1.5/gems/pubnub-3.7.0/lib/pubnub/event.rb:54:in `start_event'", "/home/jason/.rvm/gems/ruby-2.1.5/gems/pubnub-3.7.0/lib/pubnub/client.rb:188:in `block (3 levels) in start_subscribe'", "/home/jason/.rvm/gems/ruby-2.1.5/gems/eventmachine-1.0.6/lib/eventmachine.rb:1051:in `call'", "/home/jason/.rvm/gems/ruby-2.1.5/gems/eventmachine-1.0.6/lib/eventmachine.rb:1051:in `block in spawn_threadpool'"]
D, [2015-02-08T19:44:02.725863 #3494] DEBUG -- Pubnub: Pubnub::Leave#fire
D, [2015-02-08T19:44:02.725954 #3494] DEBUG -- Pubnub: Pubnub::SingleEvent#fire
D, [2015-02-08T19:44:02.725999 #3494] DEBUG -- Pubnub: Pubnub::SingleEvent#fire | Event already on list!
D, [2015-02-08T19:44:02.726068 #3494] DEBUG -- Pubnub: Pubnub::Event#fire
D, [2015-02-08T19:44:02.726117 #3494] DEBUG -- Pubnub: Event#fire
D, [2015-02-08T19:44:02.726237 #3494] DEBUG -- Pubnub: Event#start_event | sending request
D, [2015-02-08T19:44:02.726322 #3494] DEBUG -- Pubnub: Event#start_event | tt: 14234462412649919; ctt 14234462412649919
D, [2015-02-08T19:44:02.726480 #3494] DEBUG -- Pubnub: Pubnub::Leave#uri http://pubsub.pubnub.com/v2/presence/sub-key/demo/channel/a/leave?pnsdk=PubNub-Ruby/3.7.0&uuid=i_am_a_real_time_boss_1
D, [2015-02-08T19:44:03.051102 #3494] DEBUG -- Pubnub: Event#handle_response
D, [2015-02-08T19:44:03.051246 #3494] DEBUG -- Pubnub: Event#add_common_data_to_envelopes
D, [2015-02-08T19:44:03.051285 #3494] DEBUG -- Pubnub: Response: {"status": 200, "action": "leave", "message": "OK", "service": "Presence"}
D, [2015-02-08T19:44:03.051324 #3494] DEBUG -- Pubnub: Firing callbacks
D, [2015-02-08T19:44:03.051389 #3494] DEBUG -- Pubnub: Pubnub::Client#start_event_machine | starting EM in new thread
D, [2015-02-08T19:44:03.051425 #3494] DEBUG -- Pubnub: Pubnub::Client#start_event_machine | We aren't running on thin
D, [2015-02-08T19:44:03.051450 #3494] DEBUG -- Pubnub: Pubnub::Client#start_event_machine | EM already running
D, [2015-02-08T19:44:03.051480 #3494] DEBUG -- Pubnub: Pubnub::Client#start_subscribe | Aborting previous request
